[2025-07-23 08:11:58,240] 1025 httpx - INFO -HTTP Request: GET https://dagshub.com/api/v1/user "HTTP/1.1 200 OK"
[2025-07-23 08:11:58,247] 107 dagshub - INFO -Accessing as MAbdullah005
[2025-07-23 08:11:59,362] 1025 httpx - INFO -HTTP Request: GET https://dagshub.com/api/v1/repos/MAbdullah005/networksecurit "HTTP/1.1 200 OK"
[2025-07-23 08:12:00,589] 1025 httpx - INFO -HTTP Request: GET https://dagshub.com/api/v1/user "HTTP/1.1 200 OK"
[2025-07-23 08:12:00,591] 107 dagshub - INFO -Initialized MLflow to track repo "MAbdullah005/networksecurit"
[2025-07-23 08:12:00,593] 107 dagshub - INFO -Repository MAbdullah005/networksecurit initialized!
[2025-07-23 08:12:19,839] 33 root - INFO -<<<<<<< Initiate the data ingestion >>>>>>>
[2025-07-23 08:12:37,662] 62 root - INFO -Performed the trian test split on dataframe
[2025-07-23 08:12:37,663] 66 root - INFO -Exporting train and test file path
[2025-07-23 08:12:37,849] 69 root - INFO -Exported train and test file path
[2025-07-23 08:12:37,849] 37 root - INFO -<<<<<<< Completed the data ingestion >>>>>>>
[2025-07-23 08:12:37,850] 46 root - INFO -<<<<<<< Initiate the data validation >>>>>>>
[2025-07-23 08:12:37,971] 34 root - INFO -required number of column {'columns': [{'having_IP_Address': 'int64'}, {'URL_Length': 'int64'}, {'Shortining_Service': 'int64'}, {'having_At_Symbol': 'int64'}, {'double_slash_redirecting': 'int64'}, {'Prefix_Suffix': 'int64'}, {'having_Sub_Domain': 'int64'}, {'SSLfinal_State': 'int64'}, {'Domain_registeration_length': 'int64'}, {'Favicon': 'int64'}, {'port': 'int64'}, {'HTTPS_token': 'int64'}, {'Request_URL': 'int64'}, {'URL_of_Anchor': 'int64'}, {'Links_in_tags': 'int64'}, {'SFH': 'int64'}, {'Submitting_to_email': 'int64'}, {'Abnormal_URL': 'int64'}, {'Redirect': 'int64'}, {'on_mouseover': 'int64'}, {'RightClick': 'int64'}, {'popUpWidnow': 'int64'}, {'Iframe': 'int64'}, {'age_of_domain': 'int64'}, {'DNSRecord': 'int64'}, {'web_traffic': 'int64'}, {'Page_Rank': 'int64'}, {'Google_Index': 'int64'}, {'Links_pointing_to_page': 'int64'}, {'Statistical_report': 'int64'}, {'Result': 'int64'}], 'numerical_columns': ['having_IP_Address', 'URL_Length', 'Shortining_Service', 'having_At_Symbol', 'double_slash_redirecting', 'Prefix_Suffix', 'having_Sub_Domain', 'SSLfinal_State', 'Domain_registeration_length', 'Favicon', 'port', 'HTTPS_token', 'Request_URL', 'URL_of_Anchor', 'Links_in_tags', 'SFH', 'Submitting_to_email', 'Abnormal_URL', 'Redirect', 'on_mouseover', 'RightClick', 'popUpWidnow', 'Iframe', 'age_of_domain', 'DNSRecord', 'web_traffic', 'Page_Rank', 'Google_Index', 'Links_pointing_to_page', 'Statistical_report', 'Result']}
[2025-07-23 08:12:37,971] 35 root - INFO -Data frame has column 31
[2025-07-23 08:12:37,971] 34 root - INFO -required number of column {'columns': [{'having_IP_Address': 'int64'}, {'URL_Length': 'int64'}, {'Shortining_Service': 'int64'}, {'having_At_Symbol': 'int64'}, {'double_slash_redirecting': 'int64'}, {'Prefix_Suffix': 'int64'}, {'having_Sub_Domain': 'int64'}, {'SSLfinal_State': 'int64'}, {'Domain_registeration_length': 'int64'}, {'Favicon': 'int64'}, {'port': 'int64'}, {'HTTPS_token': 'int64'}, {'Request_URL': 'int64'}, {'URL_of_Anchor': 'int64'}, {'Links_in_tags': 'int64'}, {'SFH': 'int64'}, {'Submitting_to_email': 'int64'}, {'Abnormal_URL': 'int64'}, {'Redirect': 'int64'}, {'on_mouseover': 'int64'}, {'RightClick': 'int64'}, {'popUpWidnow': 'int64'}, {'Iframe': 'int64'}, {'age_of_domain': 'int64'}, {'DNSRecord': 'int64'}, {'web_traffic': 'int64'}, {'Page_Rank': 'int64'}, {'Google_Index': 'int64'}, {'Links_pointing_to_page': 'int64'}, {'Statistical_report': 'int64'}, {'Result': 'int64'}], 'numerical_columns': ['having_IP_Address', 'URL_Length', 'Shortining_Service', 'having_At_Symbol', 'double_slash_redirecting', 'Prefix_Suffix', 'having_Sub_Domain', 'SSLfinal_State', 'Domain_registeration_length', 'Favicon', 'port', 'HTTPS_token', 'Request_URL', 'URL_of_Anchor', 'Links_in_tags', 'SFH', 'Submitting_to_email', 'Abnormal_URL', 'Redirect', 'on_mouseover', 'RightClick', 'popUpWidnow', 'Iframe', 'age_of_domain', 'DNSRecord', 'web_traffic', 'Page_Rank', 'Google_Index', 'Links_pointing_to_page', 'Statistical_report', 'Result']}
[2025-07-23 08:12:37,972] 35 root - INFO -Data frame has column 31
[2025-07-23 08:12:38,770] 55 root - INFO -<<<<<<< Completed the data validation >>>>>>>
[2025-07-23 08:12:38,770] 64 root - INFO -<<<<< Initiate data Transformation <<<<<<<
[2025-07-23 08:12:38,771] 64 root - INFO -Initiate data trnsformation method of class DataTransformation
[2025-07-23 08:12:38,771] 66 root - INFO -Start Data Transofrmation Step
[2025-07-23 08:12:38,932] 70 root - INFO -step 1
[2025-07-23 08:12:38,935] 75 root - INFO -step 2
[2025-07-23 08:12:38,938] 81 root - INFO -step 3
[2025-07-23 08:12:38,938] 47 root - INFO -Entered the get_data_transformed_obj method of transformation class
[2025-07-23 08:12:38,938] 49 root - INFO -step 1 . 1
[2025-07-23 08:12:38,938] 51 root - INFO -step 1.2
[2025-07-23 08:12:38,938] 52 root - INFO -inilize KNNimputer with {'missing_values': nan, 'n_neighbors': 3, 'weights': 'uniform'}
[2025-07-23 08:12:38,938] 55 root - INFO -step 1.3
[2025-07-23 08:12:38,938] 57 root - INFO -step 1.4
[2025-07-23 08:12:38,961] 89 root - INFO -step 4
[2025-07-23 08:12:38,977] 47 root - INFO -enter the save_object method of mainuils class
[2025-07-23 08:12:38,981] 51 root - INFO -Exited the save_object method of mainutils class
[2025-07-23 08:12:38,982] 47 root - INFO -enter the save_object method of mainuils class
[2025-07-23 08:12:38,985] 51 root - INFO -Exited the save_object method of mainutils class
[2025-07-23 08:12:38,985] 98 root - INFO -step 5
[2025-07-23 08:12:38,985] 106 root - INFO -step 5
[2025-07-23 08:12:38,985] 107 root - INFO -finish data transformation steps
[2025-07-23 08:12:38,989] 72 root - INFO -<<<< Completed data Transformation <<<<<<<
[2025-07-23 08:12:38,989] 82 root - INFO -<<<<<< Initiate Model trainer and Evaluated stage >>>>>
