[2025-07-22 22:09:40,664] 20 root - INFO -<<<<<<< Initiate the data ingestion >>>>>>>
[2025-07-22 22:09:45,160] 62 root - INFO -Performed the trian test split on dataframe
[2025-07-22 22:09:45,161] 66 root - INFO -Exporting train and test file path
[2025-07-22 22:09:45,383] 69 root - INFO -Exported train and test file path
[2025-07-22 22:09:45,431] 23 root - INFO -<<<<<<<< Data Ingestion Completed >>>>>>
[2025-07-22 22:09:45,481] 27 root - INFO -<<<<<< Initeate Data Validation >>>>>>
[2025-07-22 22:09:45,656] 34 root - INFO -required number of column {'columns': [{'having_IP_Address': 'int64'}, {'URL_Length': 'int64'}, {'Shortining_Service': 'int64'}, {'having_At_Symbol': 'int64'}, {'double_slash_redirecting': 'int64'}, {'Prefix_Suffix': 'int64'}, {'having_Sub_Domain': 'int64'}, {'SSLfinal_State': 'int64'}, {'Domain_registeration_length': 'int64'}, {'Favicon': 'int64'}, {'port': 'int64'}, {'HTTPS_token': 'int64'}, {'Request_URL': 'int64'}, {'URL_of_Anchor': 'int64'}, {'Links_in_tags': 'int64'}, {'SFH': 'int64'}, {'Submitting_to_email': 'int64'}, {'Abnormal_URL': 'int64'}, {'Redirect': 'int64'}, {'on_mouseover': 'int64'}, {'RightClick': 'int64'}, {'popUpWidnow': 'int64'}, {'Iframe': 'int64'}, {'age_of_domain': 'int64'}, {'DNSRecord': 'int64'}, {'web_traffic': 'int64'}, {'Page_Rank': 'int64'}, {'Google_Index': 'int64'}, {'Links_pointing_to_page': 'int64'}, {'Statistical_report': 'int64'}, {'Result': 'int64'}], 'numerical_columns': ['having_IP_Address', 'URL_Length', 'Shortining_Service', 'having_At_Symbol', 'double_slash_redirecting', 'Prefix_Suffix', 'having_Sub_Domain', 'SSLfinal_State', 'Domain_registeration_length', 'Favicon', 'port', 'HTTPS_token', 'Request_URL', 'URL_of_Anchor', 'Links_in_tags', 'SFH', 'Submitting_to_email', 'Abnormal_URL', 'Redirect', 'on_mouseover', 'RightClick', 'popUpWidnow', 'Iframe', 'age_of_domain', 'DNSRecord', 'web_traffic', 'Page_Rank', 'Google_Index', 'Links_pointing_to_page', 'Statistical_report', 'Result']}
[2025-07-22 22:09:45,657] 35 root - INFO -Data frame has column 31
[2025-07-22 22:09:45,657] 34 root - INFO -required number of column {'columns': [{'having_IP_Address': 'int64'}, {'URL_Length': 'int64'}, {'Shortining_Service': 'int64'}, {'having_At_Symbol': 'int64'}, {'double_slash_redirecting': 'int64'}, {'Prefix_Suffix': 'int64'}, {'having_Sub_Domain': 'int64'}, {'SSLfinal_State': 'int64'}, {'Domain_registeration_length': 'int64'}, {'Favicon': 'int64'}, {'port': 'int64'}, {'HTTPS_token': 'int64'}, {'Request_URL': 'int64'}, {'URL_of_Anchor': 'int64'}, {'Links_in_tags': 'int64'}, {'SFH': 'int64'}, {'Submitting_to_email': 'int64'}, {'Abnormal_URL': 'int64'}, {'Redirect': 'int64'}, {'on_mouseover': 'int64'}, {'RightClick': 'int64'}, {'popUpWidnow': 'int64'}, {'Iframe': 'int64'}, {'age_of_domain': 'int64'}, {'DNSRecord': 'int64'}, {'web_traffic': 'int64'}, {'Page_Rank': 'int64'}, {'Google_Index': 'int64'}, {'Links_pointing_to_page': 'int64'}, {'Statistical_report': 'int64'}, {'Result': 'int64'}], 'numerical_columns': ['having_IP_Address', 'URL_Length', 'Shortining_Service', 'having_At_Symbol', 'double_slash_redirecting', 'Prefix_Suffix', 'having_Sub_Domain', 'SSLfinal_State', 'Domain_registeration_length', 'Favicon', 'port', 'HTTPS_token', 'Request_URL', 'URL_of_Anchor', 'Links_in_tags', 'SFH', 'Submitting_to_email', 'Abnormal_URL', 'Redirect', 'on_mouseover', 'RightClick', 'popUpWidnow', 'Iframe', 'age_of_domain', 'DNSRecord', 'web_traffic', 'Page_Rank', 'Google_Index', 'Links_pointing_to_page', 'Statistical_report', 'Result']}
[2025-07-22 22:09:45,657] 35 root - INFO -Data frame has column 31
[2025-07-22 22:09:46,138] 29 root - INFO -<<<<< Data Validation Completed
[2025-07-22 22:09:46,144] 32 root - INFO -<<<<< stated Data Trnsformation >>>>>
[2025-07-22 22:09:46,144] 64 root - INFO -Initiate data trnsformation method of class DataTransformation
[2025-07-22 22:09:46,145] 66 root - INFO -Start Data Transofrmation Step
[2025-07-22 22:09:46,357] 70 root - INFO -step 1
[2025-07-22 22:09:46,362] 75 root - INFO -step 2
[2025-07-22 22:09:46,365] 81 root - INFO -step 3
[2025-07-22 22:09:46,365] 47 root - INFO -Entered the get_data_transformed_obj method of transformation class
[2025-07-22 22:09:46,365] 49 root - INFO -step 1 . 1
[2025-07-22 22:09:46,365] 51 root - INFO -step 1.2
[2025-07-22 22:09:46,365] 52 root - INFO -inilize KNNimputer with {'missing_values': nan, 'n_neighbors': 3, 'weights': 'uniform'}
[2025-07-22 22:09:46,365] 55 root - INFO -step 1.3
[2025-07-22 22:09:46,365] 57 root - INFO -step 1.4
[2025-07-22 22:09:46,391] 89 root - INFO -step 4
[2025-07-22 22:09:46,401] 47 root - INFO -enter the save_object method of mainuils class
[2025-07-22 22:09:46,407] 51 root - INFO -Exited the save_object method of mainutils class
[2025-07-22 22:09:46,407] 96 root - INFO -step 5
[2025-07-22 22:09:46,407] 104 root - INFO -step 5
[2025-07-22 22:09:46,408] 105 root - INFO -finish data transformation steps
[2025-07-22 22:09:46,413] 36 root - INFO -<<<<<<< completed Data transformation >>>>>>>
[2025-07-22 22:09:46,413] 39 root - INFO ->>>>>> Model Traning  Started <<<<<<
[2025-07-22 22:22:02,128] 47 root - INFO -enter the save_object method of mainuils class
[2025-07-22 22:22:02,140] 51 root - INFO -Exited the save_object method of mainutils class
[2025-07-22 22:22:02,144] 97 root - INFO -Model train artifacts ModelTrainerArtifacts(trained_model_artifacts='Artifacts\\07_22_2025_22_09_35\\tranined_model\\tranined_model\\model_tranied', train_metrics_artifacts=ClassificationMetricsArtifacts(f1_score=0.9905535804977146, precision_score=0.989247311827957, recall_score=0.9918633034987795), test_metrices_artifacts=ClassificationMetricsArtifacts(f1_score=0.9905535804977146, precision_score=0.989247311827957, recall_score=0.9918633034987795))
[2025-07-22 22:22:02,169] 44 root - INFO -<<<<<< Model Traning  Completed >>>>>
[2025-07-22 22:22:02,172] 47 root - INFO -Execution time: 741.50 seconds
