[2025-07-23 00:32:45,336] 1025 httpx - INFO -HTTP Request: GET https://dagshub.com/api/v1/user "HTTP/1.1 200 OK"
[2025-07-23 00:32:45,357] 107 dagshub - INFO -Accessing as MAbdullah005
[2025-07-23 00:32:46,489] 1025 httpx - INFO -HTTP Request: GET https://dagshub.com/api/v1/repos/MAbdullah005/networksecurit "HTTP/1.1 200 OK"
[2025-07-23 00:32:47,524] 1025 httpx - INFO -HTTP Request: GET https://dagshub.com/api/v1/user "HTTP/1.1 200 OK"
[2025-07-23 00:32:47,764] 107 dagshub - INFO -Initialized MLflow to track repo "MAbdullah005/networksecurit"
[2025-07-23 00:32:47,800] 107 dagshub - INFO -Repository MAbdullah005/networksecurit initialized!
[2025-07-23 00:32:47,800] 20 root - INFO -<<<<<<< Initiate the data ingestion >>>>>>>
[2025-07-23 00:32:56,850] 62 root - INFO -Performed the trian test split on dataframe
[2025-07-23 00:32:56,850] 66 root - INFO -Exporting train and test file path
[2025-07-23 00:32:56,989] 69 root - INFO -Exported train and test file path
[2025-07-23 00:32:56,991] 23 root - INFO -<<<<<<<< Data Ingestion Completed >>>>>>
[2025-07-23 00:32:57,008] 27 root - INFO -<<<<<< Initeate Data Validation >>>>>>
[2025-07-23 00:32:57,174] 34 root - INFO -required number of column {'columns': [{'having_IP_Address': 'int64'}, {'URL_Length': 'int64'}, {'Shortining_Service': 'int64'}, {'having_At_Symbol': 'int64'}, {'double_slash_redirecting': 'int64'}, {'Prefix_Suffix': 'int64'}, {'having_Sub_Domain': 'int64'}, {'SSLfinal_State': 'int64'}, {'Domain_registeration_length': 'int64'}, {'Favicon': 'int64'}, {'port': 'int64'}, {'HTTPS_token': 'int64'}, {'Request_URL': 'int64'}, {'URL_of_Anchor': 'int64'}, {'Links_in_tags': 'int64'}, {'SFH': 'int64'}, {'Submitting_to_email': 'int64'}, {'Abnormal_URL': 'int64'}, {'Redirect': 'int64'}, {'on_mouseover': 'int64'}, {'RightClick': 'int64'}, {'popUpWidnow': 'int64'}, {'Iframe': 'int64'}, {'age_of_domain': 'int64'}, {'DNSRecord': 'int64'}, {'web_traffic': 'int64'}, {'Page_Rank': 'int64'}, {'Google_Index': 'int64'}, {'Links_pointing_to_page': 'int64'}, {'Statistical_report': 'int64'}, {'Result': 'int64'}], 'numerical_columns': ['having_IP_Address', 'URL_Length', 'Shortining_Service', 'having_At_Symbol', 'double_slash_redirecting', 'Prefix_Suffix', 'having_Sub_Domain', 'SSLfinal_State', 'Domain_registeration_length', 'Favicon', 'port', 'HTTPS_token', 'Request_URL', 'URL_of_Anchor', 'Links_in_tags', 'SFH', 'Submitting_to_email', 'Abnormal_URL', 'Redirect', 'on_mouseover', 'RightClick', 'popUpWidnow', 'Iframe', 'age_of_domain', 'DNSRecord', 'web_traffic', 'Page_Rank', 'Google_Index', 'Links_pointing_to_page', 'Statistical_report', 'Result']}
[2025-07-23 00:32:57,174] 35 root - INFO -Data frame has column 31
[2025-07-23 00:32:57,175] 34 root - INFO -required number of column {'columns': [{'having_IP_Address': 'int64'}, {'URL_Length': 'int64'}, {'Shortining_Service': 'int64'}, {'having_At_Symbol': 'int64'}, {'double_slash_redirecting': 'int64'}, {'Prefix_Suffix': 'int64'}, {'having_Sub_Domain': 'int64'}, {'SSLfinal_State': 'int64'}, {'Domain_registeration_length': 'int64'}, {'Favicon': 'int64'}, {'port': 'int64'}, {'HTTPS_token': 'int64'}, {'Request_URL': 'int64'}, {'URL_of_Anchor': 'int64'}, {'Links_in_tags': 'int64'}, {'SFH': 'int64'}, {'Submitting_to_email': 'int64'}, {'Abnormal_URL': 'int64'}, {'Redirect': 'int64'}, {'on_mouseover': 'int64'}, {'RightClick': 'int64'}, {'popUpWidnow': 'int64'}, {'Iframe': 'int64'}, {'age_of_domain': 'int64'}, {'DNSRecord': 'int64'}, {'web_traffic': 'int64'}, {'Page_Rank': 'int64'}, {'Google_Index': 'int64'}, {'Links_pointing_to_page': 'int64'}, {'Statistical_report': 'int64'}, {'Result': 'int64'}], 'numerical_columns': ['having_IP_Address', 'URL_Length', 'Shortining_Service', 'having_At_Symbol', 'double_slash_redirecting', 'Prefix_Suffix', 'having_Sub_Domain', 'SSLfinal_State', 'Domain_registeration_length', 'Favicon', 'port', 'HTTPS_token', 'Request_URL', 'URL_of_Anchor', 'Links_in_tags', 'SFH', 'Submitting_to_email', 'Abnormal_URL', 'Redirect', 'on_mouseover', 'RightClick', 'popUpWidnow', 'Iframe', 'age_of_domain', 'DNSRecord', 'web_traffic', 'Page_Rank', 'Google_Index', 'Links_pointing_to_page', 'Statistical_report', 'Result']}
[2025-07-23 00:32:57,175] 35 root - INFO -Data frame has column 31
[2025-07-23 00:32:57,542] 29 root - INFO -<<<<< Data Validation Completed
[2025-07-23 00:32:57,543] 32 root - INFO -<<<<< stated Data Trnsformation >>>>>
[2025-07-23 00:32:57,543] 64 root - INFO -Initiate data trnsformation method of class DataTransformation
[2025-07-23 00:32:57,543] 66 root - INFO -Start Data Transofrmation Step
[2025-07-23 00:32:57,663] 70 root - INFO -step 1
[2025-07-23 00:32:57,665] 75 root - INFO -step 2
[2025-07-23 00:32:57,667] 81 root - INFO -step 3
[2025-07-23 00:32:57,667] 47 root - INFO -Entered the get_data_transformed_obj method of transformation class
[2025-07-23 00:32:57,667] 49 root - INFO -step 1 . 1
[2025-07-23 00:32:57,667] 51 root - INFO -step 1.2
[2025-07-23 00:32:57,667] 52 root - INFO -inilize KNNimputer with {'missing_values': nan, 'n_neighbors': 3, 'weights': 'uniform'}
[2025-07-23 00:32:57,667] 55 root - INFO -step 1.3
[2025-07-23 00:32:57,667] 57 root - INFO -step 1.4
[2025-07-23 00:32:57,681] 89 root - INFO -step 4
[2025-07-23 00:32:57,687] 47 root - INFO -enter the save_object method of mainuils class
[2025-07-23 00:32:57,691] 51 root - INFO -Exited the save_object method of mainutils class
[2025-07-23 00:32:57,691] 47 root - INFO -enter the save_object method of mainuils class
[2025-07-23 00:32:57,695] 51 root - INFO -Exited the save_object method of mainutils class
[2025-07-23 00:32:57,695] 98 root - INFO -step 5
[2025-07-23 00:32:57,696] 106 root - INFO -step 5
[2025-07-23 00:32:57,696] 107 root - INFO -finish data transformation steps
[2025-07-23 00:32:57,698] 36 root - INFO -<<<<<<< completed Data transformation >>>>>>>
[2025-07-23 00:32:57,699] 39 root - INFO ->>>>>> Model Traning  Started <<<<<<
[2025-07-23 00:41:17,285] 47 root - INFO -enter the save_object method of mainuils class
[2025-07-23 00:41:17,286] 51 root - INFO -Exited the save_object method of mainutils class
[2025-07-23 00:41:17,286] 47 root - INFO -enter the save_object method of mainuils class
[2025-07-23 00:41:17,305] 51 root - INFO -Exited the save_object method of mainutils class
[2025-07-23 00:41:17,305] 116 root - INFO -Model train artifacts ModelTrainerArtifacts(trained_model_artifacts='Artifacts\\07_23_2025_00_32_32\\tranined_model\\tranined_model\\model_tranied', train_metrics_artifacts=ClassificationMetricsArtifacts(f1_score=0.9911952231555511, precision_score=0.9882946518668012, recall_score=0.9941128704831507), test_metrices_artifacts=ClassificationMetricsArtifacts(f1_score=0.9911952231555511, precision_score=0.9882946518668012, recall_score=0.9941128704831507))
[2025-07-23 00:41:17,308] 44 root - INFO -<<<<<< Model Traning  Completed >>>>>
[2025-07-23 00:41:17,309] 47 root - INFO -Execution time: 509.51 seconds
