[2025-07-22 23:47:34,631] 1025 httpx - INFO -HTTP Request: GET https://dagshub.com/api/v1/user "HTTP/1.1 200 OK"
[2025-07-22 23:47:34,645] 107 dagshub - INFO -Accessing as MAbdullah005
[2025-07-22 23:47:35,772] 1025 httpx - INFO -HTTP Request: GET https://dagshub.com/api/v1/repos/MAbdullah005/networksecurit "HTTP/1.1 200 OK"
[2025-07-22 23:47:36,727] 1025 httpx - INFO -HTTP Request: GET https://dagshub.com/api/v1/user "HTTP/1.1 200 OK"
[2025-07-22 23:47:36,730] 107 dagshub - INFO -Initialized MLflow to track repo "MAbdullah005/networksecurit"
[2025-07-22 23:47:36,731] 107 dagshub - INFO -Repository MAbdullah005/networksecurit initialized!
[2025-07-22 23:47:36,731] 20 root - INFO -<<<<<<< Initiate the data ingestion >>>>>>>
[2025-07-22 23:47:41,070] 62 root - INFO -Performed the trian test split on dataframe
[2025-07-22 23:47:41,071] 66 root - INFO -Exporting train and test file path
[2025-07-22 23:47:41,224] 69 root - INFO -Exported train and test file path
[2025-07-22 23:47:41,226] 23 root - INFO -<<<<<<<< Data Ingestion Completed >>>>>>
[2025-07-22 23:47:41,255] 27 root - INFO -<<<<<< Initeate Data Validation >>>>>>
[2025-07-22 23:47:41,372] 34 root - INFO -required number of column {'columns': [{'having_IP_Address': 'int64'}, {'URL_Length': 'int64'}, {'Shortining_Service': 'int64'}, {'having_At_Symbol': 'int64'}, {'double_slash_redirecting': 'int64'}, {'Prefix_Suffix': 'int64'}, {'having_Sub_Domain': 'int64'}, {'SSLfinal_State': 'int64'}, {'Domain_registeration_length': 'int64'}, {'Favicon': 'int64'}, {'port': 'int64'}, {'HTTPS_token': 'int64'}, {'Request_URL': 'int64'}, {'URL_of_Anchor': 'int64'}, {'Links_in_tags': 'int64'}, {'SFH': 'int64'}, {'Submitting_to_email': 'int64'}, {'Abnormal_URL': 'int64'}, {'Redirect': 'int64'}, {'on_mouseover': 'int64'}, {'RightClick': 'int64'}, {'popUpWidnow': 'int64'}, {'Iframe': 'int64'}, {'age_of_domain': 'int64'}, {'DNSRecord': 'int64'}, {'web_traffic': 'int64'}, {'Page_Rank': 'int64'}, {'Google_Index': 'int64'}, {'Links_pointing_to_page': 'int64'}, {'Statistical_report': 'int64'}, {'Result': 'int64'}], 'numerical_columns': ['having_IP_Address', 'URL_Length', 'Shortining_Service', 'having_At_Symbol', 'double_slash_redirecting', 'Prefix_Suffix', 'having_Sub_Domain', 'SSLfinal_State', 'Domain_registeration_length', 'Favicon', 'port', 'HTTPS_token', 'Request_URL', 'URL_of_Anchor', 'Links_in_tags', 'SFH', 'Submitting_to_email', 'Abnormal_URL', 'Redirect', 'on_mouseover', 'RightClick', 'popUpWidnow', 'Iframe', 'age_of_domain', 'DNSRecord', 'web_traffic', 'Page_Rank', 'Google_Index', 'Links_pointing_to_page', 'Statistical_report', 'Result']}
[2025-07-22 23:47:41,372] 35 root - INFO -Data frame has column 31
[2025-07-22 23:47:41,372] 34 root - INFO -required number of column {'columns': [{'having_IP_Address': 'int64'}, {'URL_Length': 'int64'}, {'Shortining_Service': 'int64'}, {'having_At_Symbol': 'int64'}, {'double_slash_redirecting': 'int64'}, {'Prefix_Suffix': 'int64'}, {'having_Sub_Domain': 'int64'}, {'SSLfinal_State': 'int64'}, {'Domain_registeration_length': 'int64'}, {'Favicon': 'int64'}, {'port': 'int64'}, {'HTTPS_token': 'int64'}, {'Request_URL': 'int64'}, {'URL_of_Anchor': 'int64'}, {'Links_in_tags': 'int64'}, {'SFH': 'int64'}, {'Submitting_to_email': 'int64'}, {'Abnormal_URL': 'int64'}, {'Redirect': 'int64'}, {'on_mouseover': 'int64'}, {'RightClick': 'int64'}, {'popUpWidnow': 'int64'}, {'Iframe': 'int64'}, {'age_of_domain': 'int64'}, {'DNSRecord': 'int64'}, {'web_traffic': 'int64'}, {'Page_Rank': 'int64'}, {'Google_Index': 'int64'}, {'Links_pointing_to_page': 'int64'}, {'Statistical_report': 'int64'}, {'Result': 'int64'}], 'numerical_columns': ['having_IP_Address', 'URL_Length', 'Shortining_Service', 'having_At_Symbol', 'double_slash_redirecting', 'Prefix_Suffix', 'having_Sub_Domain', 'SSLfinal_State', 'Domain_registeration_length', 'Favicon', 'port', 'HTTPS_token', 'Request_URL', 'URL_of_Anchor', 'Links_in_tags', 'SFH', 'Submitting_to_email', 'Abnormal_URL', 'Redirect', 'on_mouseover', 'RightClick', 'popUpWidnow', 'Iframe', 'age_of_domain', 'DNSRecord', 'web_traffic', 'Page_Rank', 'Google_Index', 'Links_pointing_to_page', 'Statistical_report', 'Result']}
[2025-07-22 23:47:41,372] 35 root - INFO -Data frame has column 31
[2025-07-22 23:47:41,897] 29 root - INFO -<<<<< Data Validation Completed
[2025-07-22 23:47:41,897] 32 root - INFO -<<<<< stated Data Trnsformation >>>>>
[2025-07-22 23:47:41,898] 64 root - INFO -Initiate data trnsformation method of class DataTransformation
[2025-07-22 23:47:41,898] 66 root - INFO -Start Data Transofrmation Step
[2025-07-22 23:47:42,000] 70 root - INFO -step 1
[2025-07-22 23:47:42,003] 75 root - INFO -step 2
[2025-07-22 23:47:42,004] 81 root - INFO -step 3
[2025-07-22 23:47:42,004] 47 root - INFO -Entered the get_data_transformed_obj method of transformation class
[2025-07-22 23:47:42,005] 49 root - INFO -step 1 . 1
[2025-07-22 23:47:42,005] 51 root - INFO -step 1.2
[2025-07-22 23:47:42,005] 52 root - INFO -inilize KNNimputer with {'missing_values': nan, 'n_neighbors': 3, 'weights': 'uniform'}
[2025-07-22 23:47:42,005] 55 root - INFO -step 1.3
[2025-07-22 23:47:42,005] 57 root - INFO -step 1.4
[2025-07-22 23:47:42,017] 89 root - INFO -step 4
[2025-07-22 23:47:42,023] 47 root - INFO -enter the save_object method of mainuils class
[2025-07-22 23:47:42,027] 51 root - INFO -Exited the save_object method of mainutils class
[2025-07-22 23:47:42,027] 96 root - INFO -step 5
[2025-07-22 23:47:42,027] 104 root - INFO -step 5
[2025-07-22 23:47:42,027] 105 root - INFO -finish data transformation steps
[2025-07-22 23:47:42,030] 36 root - INFO -<<<<<<< completed Data transformation >>>>>>>
[2025-07-22 23:47:42,030] 39 root - INFO ->>>>>> Model Traning  Started <<<<<<
