[2025-07-23 00:09:28,706] 1025 httpx - INFO -HTTP Request: GET https://dagshub.com/api/v1/user "HTTP/1.1 200 OK"
[2025-07-23 00:09:28,726] 107 dagshub - INFO -Accessing as MAbdullah005
[2025-07-23 00:09:29,682] 1025 httpx - INFO -HTTP Request: GET https://dagshub.com/api/v1/repos/MAbdullah005/networksecurit "HTTP/1.1 200 OK"
[2025-07-23 00:09:30,655] 1025 httpx - INFO -HTTP Request: GET https://dagshub.com/api/v1/user "HTTP/1.1 200 OK"
[2025-07-23 00:09:30,660] 107 dagshub - INFO -Initialized MLflow to track repo "MAbdullah005/networksecurit"
[2025-07-23 00:09:30,662] 107 dagshub - INFO -Repository MAbdullah005/networksecurit initialized!
[2025-07-23 00:09:30,663] 20 root - INFO -<<<<<<< Initiate the data ingestion >>>>>>>
[2025-07-23 00:09:36,751] 62 root - INFO -Performed the trian test split on dataframe
[2025-07-23 00:09:36,751] 66 root - INFO -Exporting train and test file path
[2025-07-23 00:09:36,873] 69 root - INFO -Exported train and test file path
[2025-07-23 00:09:36,875] 23 root - INFO -<<<<<<<< Data Ingestion Completed >>>>>>
[2025-07-23 00:09:36,888] 27 root - INFO -<<<<<< Initeate Data Validation >>>>>>
[2025-07-23 00:09:37,004] 34 root - INFO -required number of column {'columns': [{'having_IP_Address': 'int64'}, {'URL_Length': 'int64'}, {'Shortining_Service': 'int64'}, {'having_At_Symbol': 'int64'}, {'double_slash_redirecting': 'int64'}, {'Prefix_Suffix': 'int64'}, {'having_Sub_Domain': 'int64'}, {'SSLfinal_State': 'int64'}, {'Domain_registeration_length': 'int64'}, {'Favicon': 'int64'}, {'port': 'int64'}, {'HTTPS_token': 'int64'}, {'Request_URL': 'int64'}, {'URL_of_Anchor': 'int64'}, {'Links_in_tags': 'int64'}, {'SFH': 'int64'}, {'Submitting_to_email': 'int64'}, {'Abnormal_URL': 'int64'}, {'Redirect': 'int64'}, {'on_mouseover': 'int64'}, {'RightClick': 'int64'}, {'popUpWidnow': 'int64'}, {'Iframe': 'int64'}, {'age_of_domain': 'int64'}, {'DNSRecord': 'int64'}, {'web_traffic': 'int64'}, {'Page_Rank': 'int64'}, {'Google_Index': 'int64'}, {'Links_pointing_to_page': 'int64'}, {'Statistical_report': 'int64'}, {'Result': 'int64'}], 'numerical_columns': ['having_IP_Address', 'URL_Length', 'Shortining_Service', 'having_At_Symbol', 'double_slash_redirecting', 'Prefix_Suffix', 'having_Sub_Domain', 'SSLfinal_State', 'Domain_registeration_length', 'Favicon', 'port', 'HTTPS_token', 'Request_URL', 'URL_of_Anchor', 'Links_in_tags', 'SFH', 'Submitting_to_email', 'Abnormal_URL', 'Redirect', 'on_mouseover', 'RightClick', 'popUpWidnow', 'Iframe', 'age_of_domain', 'DNSRecord', 'web_traffic', 'Page_Rank', 'Google_Index', 'Links_pointing_to_page', 'Statistical_report', 'Result']}
[2025-07-23 00:09:37,004] 35 root - INFO -Data frame has column 31
[2025-07-23 00:09:37,004] 34 root - INFO -required number of column {'columns': [{'having_IP_Address': 'int64'}, {'URL_Length': 'int64'}, {'Shortining_Service': 'int64'}, {'having_At_Symbol': 'int64'}, {'double_slash_redirecting': 'int64'}, {'Prefix_Suffix': 'int64'}, {'having_Sub_Domain': 'int64'}, {'SSLfinal_State': 'int64'}, {'Domain_registeration_length': 'int64'}, {'Favicon': 'int64'}, {'port': 'int64'}, {'HTTPS_token': 'int64'}, {'Request_URL': 'int64'}, {'URL_of_Anchor': 'int64'}, {'Links_in_tags': 'int64'}, {'SFH': 'int64'}, {'Submitting_to_email': 'int64'}, {'Abnormal_URL': 'int64'}, {'Redirect': 'int64'}, {'on_mouseover': 'int64'}, {'RightClick': 'int64'}, {'popUpWidnow': 'int64'}, {'Iframe': 'int64'}, {'age_of_domain': 'int64'}, {'DNSRecord': 'int64'}, {'web_traffic': 'int64'}, {'Page_Rank': 'int64'}, {'Google_Index': 'int64'}, {'Links_pointing_to_page': 'int64'}, {'Statistical_report': 'int64'}, {'Result': 'int64'}], 'numerical_columns': ['having_IP_Address', 'URL_Length', 'Shortining_Service', 'having_At_Symbol', 'double_slash_redirecting', 'Prefix_Suffix', 'having_Sub_Domain', 'SSLfinal_State', 'Domain_registeration_length', 'Favicon', 'port', 'HTTPS_token', 'Request_URL', 'URL_of_Anchor', 'Links_in_tags', 'SFH', 'Submitting_to_email', 'Abnormal_URL', 'Redirect', 'on_mouseover', 'RightClick', 'popUpWidnow', 'Iframe', 'age_of_domain', 'DNSRecord', 'web_traffic', 'Page_Rank', 'Google_Index', 'Links_pointing_to_page', 'Statistical_report', 'Result']}
[2025-07-23 00:09:37,005] 35 root - INFO -Data frame has column 31
[2025-07-23 00:09:37,370] 29 root - INFO -<<<<< Data Validation Completed
[2025-07-23 00:09:37,371] 32 root - INFO -<<<<< stated Data Trnsformation >>>>>
[2025-07-23 00:09:37,371] 64 root - INFO -Initiate data trnsformation method of class DataTransformation
[2025-07-23 00:09:37,371] 66 root - INFO -Start Data Transofrmation Step
[2025-07-23 00:09:37,501] 70 root - INFO -step 1
[2025-07-23 00:09:37,504] 75 root - INFO -step 2
[2025-07-23 00:09:37,506] 81 root - INFO -step 3
[2025-07-23 00:09:37,506] 47 root - INFO -Entered the get_data_transformed_obj method of transformation class
[2025-07-23 00:09:37,506] 49 root - INFO -step 1 . 1
[2025-07-23 00:09:37,506] 51 root - INFO -step 1.2
[2025-07-23 00:09:37,506] 52 root - INFO -inilize KNNimputer with {'missing_values': nan, 'n_neighbors': 3, 'weights': 'uniform'}
[2025-07-23 00:09:37,507] 55 root - INFO -step 1.3
[2025-07-23 00:09:37,507] 57 root - INFO -step 1.4
[2025-07-23 00:09:37,536] 89 root - INFO -step 4
[2025-07-23 00:09:37,544] 47 root - INFO -enter the save_object method of mainuils class
[2025-07-23 00:09:37,548] 51 root - INFO -Exited the save_object method of mainutils class
[2025-07-23 00:09:37,549] 96 root - INFO -step 5
[2025-07-23 00:09:37,549] 104 root - INFO -step 5
[2025-07-23 00:09:37,549] 105 root - INFO -finish data transformation steps
[2025-07-23 00:09:37,551] 36 root - INFO -<<<<<<< completed Data transformation >>>>>>>
[2025-07-23 00:09:37,552] 39 root - INFO ->>>>>> Model Traning  Started <<<<<<
[2025-07-23 00:19:38,416] 47 root - INFO -enter the save_object method of mainuils class
[2025-07-23 00:19:38,419] 51 root - INFO -Exited the save_object method of mainutils class
[2025-07-23 00:19:38,420] 114 root - INFO -Model train artifacts ModelTrainerArtifacts(trained_model_artifacts='Artifacts\\07_23_2025_00_09_13\\tranined_model\\tranined_model\\model_tranied', train_metrics_artifacts=ClassificationMetricsArtifacts(f1_score=0.9920554084334895, precision_score=0.9896362527941476, recall_score=0.9944864202573004), test_metrices_artifacts=ClassificationMetricsArtifacts(f1_score=0.9920554084334895, precision_score=0.9896362527941476, recall_score=0.9944864202573004))
[2025-07-23 00:19:38,439] 44 root - INFO -<<<<<< Model Traning  Completed >>>>>
[2025-07-23 00:19:38,521] 47 root - INFO -Execution time: 607.78 seconds
